NH/ARMODULE/build/outputs/logs/manifest-merger-debug-report.txt
-- Merging decision tree log ---
manifest
ADDED from src\main\AndroidManifest.xml:2:1-111:12
	package
		ADDED from src\main\AndroidManifest.xml:3:5-31
	android:versionName
		ADDED from src\main\AndroidManifest.xml:7:5-30
		INJECTED from src\main\AndroidManifest.xml
		INJECTED from src\main\AndroidManifest.xml
	android:versionCode
		ADDED from src\main\AndroidManifest.xml:6:5-28
		INJECTED from src\main\AndroidManifest.xml
		INJECTED from src\main\AndroidManifest.xml
	xmlns:android
		ADDED from src\main\AndroidManifest.xml:2:11-69
	android:installLocation
		ADDED from src\main\AndroidManifest.xml:4:5-45
	android:theme
		ADDED from src\main\AndroidManifest.xml:5:5-52
uses-sdk
ADDED from src\main\AndroidManifest.xml:9:5-11:41
MERGED from [io.realm:realm-android-library:3.0.0] AndroidManifest.xml:7:5-9:41
MERGED from [com.getkeepsafe.relinker:relinker:1.2.2] AndroidManifest.xml:7:5-43
MERGED from [com.android.support:design:25.3.1] AndroidManifest.xml:21:5-23:62
MERGED from [com.android.support:appcompat-v7:25.3.1] AndroidManifest.xml:21:5-23:78
MERGED from [com.android.support:animated-vector-drawable:25.3.1] AndroidManifest.xml:20:5-44
MERGED from [com.android.support:support-vector-drawable:25.3.1] AndroidManifest.xml:20:5-43
MERGED from [com.android.support:recyclerview-v7:25.3.1] AndroidManifest.xml:20:5-43
MERGED from [com.android.support:transition:25.3.1] AndroidManifest.xml:20:5-44
MERGED from [com.android.support.constraint:constraint-layout:1.0.2] AndroidManifest.xml:5:5-7:41
MERGED from [com.android.support:support-v4:25.3.1] AndroidManifest.xml:21:5-23:54
MERGED from [com.android.support:support-fragment:25.3.1] AndroidManifest.xml:21:5-23:60
MERGED from [com.android.support:support-media-compat:25.3.1] AndroidManifest.xml:21:5-23:63
MERGED from [com.android.support:support-core-ui:25.3.1] AndroidManifest.xml:21:5-23:58
MERGED from [com.android.support:support-core-utils:25.3.1] AndroidManifest.xml:21:5-23:61
MERGED from [com.android.support:support-compat:25.3.1] AndroidManifest.xml:21:5-23:58
MERGED from [com.android.support:cardview-v7:25.3.1] AndroidManifest.xml:20:5-43
	tools:overrideLibrary
		ADDED from [com.android.support:design:25.3.1] AndroidManifest.xml:23:9-59
	android:targetSdkVersion
		ADDED from src\main\AndroidManifest.xml:11:9-38
		INJECTED from src\main\AndroidManifest.xml
		INJECTED from src\main\AndroidManifest.xml
	android:minSdkVersion
		ADDED from src\main\AndroidManifest.xml:10:9-35
uses-feature#android.hardware.camera
ADDED from src\main\AndroidManifest.xml:13:5-60
	android:name
		ADDED from src\main\AndroidManifest.xml:13:19-57
supports-screens
ADDED from src\main\AndroidManifest.xml:15:5-20:40
	android:largeScreens
		ADDED from src\main\AndroidManifest.xml:17:9-36
	android:smallScreens
		ADDED from src\main\AndroidManifest.xml:19:9-36
	android:normalScreens
		ADDED from src\main\AndroidManifest.xml:18:9-37
	android:xlargeScreens
		ADDED from src\main\AndroidManifest.xml:20:9-37
	android:anyDensity
		ADDED from src\main\AndroidManifest.xml:16:9-34
uses-permission#android.permission.INTERNET
ADDED from src\main\AndroidManifest.xml:22:5-67
	android:name
		ADDED from src\main\AndroidManifest.xml:22:22-64
uses-permission#android.permission.CAMERA
ADDED from src\main\AndroidManifest.xml:23:5-65
	android:name
		ADDED from src\main\AndroidManifest.xml:23:22-62
uses-permission#android.permission.ACCESS_NETWORK_STATE
ADDED from src\main\AndroidManifest.xml:24:5-79
	android:name
		ADDED from src\main\AndroidManifest.xml:24:22-76
uses-permission#android.permission.WRITE_EXTERNAL_STORAGE
ADDED from src\main\AndroidManifest.xml:25:5-81
	android:name
		ADDED from src\main\AndroidManifest.xml:25:22-78
uses-feature#0x00020000
ADDED from src\main\AndroidManifest.xml:27:5-54
	android:glEsVersion
		ADDED from src\main\AndroidManifest.xml:27:19-51
uses-feature#android.hardware.camera.autofocus
ADDED from src\main\AndroidManifest.xml:28:5-30:35
	android:required
		ADDED from src\main\AndroidManifest.xml:30:9-32
	android:name
		ADDED from src\main\AndroidManifest.xml:29:9-57
uses-feature#android.hardware.camera.front
ADDED from src\main\AndroidManifest.xml:31:5-33:36
	android:required
		ADDED from src\main\AndroidManifest.xml:33:9-33
	android:name
		ADDED from src\main\AndroidManifest.xml:32:9-53
uses-feature#android.hardware.touchscreen
ADDED from src\main\AndroidManifest.xml:34:5-36:36
	android:required
		ADDED from src\main\AndroidManifest.xml:36:9-33
	android:name
		ADDED from src\main\AndroidManifest.xml:35:9-52
uses-feature#android.hardware.touchscreen.multitouch
ADDED from src\main\AndroidManifest.xml:37:5-39:36
	android:required
		ADDED from src\main\AndroidManifest.xml:39:9-33
	android:name
		ADDED from src\main\AndroidManifest.xml:38:9-63
uses-feature#android.hardware.touchscreen.multitouch.distinct
ADDED from src\main\AndroidManifest.xml:40:5-42:36
	android:required
		ADDED from src\main\AndroidManifest.xml:42:9-33
	android:name
		ADDED from src\main\AndroidManifest.xml:41:9-72
uses-permission#android.permission.READ_PHONE_STATE
ADDED from src\main\AndroidManifest.xml:44:5-75
	android:name
		ADDED from src\main\AndroidManifest.xml:44:22-72
uses-permission#android.permission.READ_EXTERNAL_STORAGE
ADDED from src\main\AndroidManifest.xml:45:5-80
	android:name
		ADDED from src\main\AndroidManifest.xml:45:22-77
application
ADDED from src\main\AndroidManifest.xml:47:5-109:19
MERGED from [com.android.support:design:25.3.1] AndroidManifest.xml:29:5-20
MERGED from [com.android.support:appcompat-v7:25.3.1] AndroidManifest.xml:29:5-20
MERGED from [com.android.support:animated-vector-drawable:25.3.1] AndroidManifest.xml:26:5-20
MERGED from [com.android.support:support-vector-drawable:25.3.1] AndroidManifest.xml:26:5-20
MERGED from [com.android.support:transition:25.3.1] AndroidManifest.xml:26:5-20
MERGED from [com.android.support.constraint:constraint-layout:1.0.2] AndroidManifest.xml:9:5-20
MERGED from [com.android.support:support-v4:25.3.1] AndroidManifest.xml:29:5-20
MERGED from [com.android.support:support-fragment:25.3.1] AndroidManifest.xml:29:5-20
MERGED from [com.android.support:support-media-compat:25.3.1] AndroidManifest.xml:29:5-20
MERGED from [com.android.support:support-core-ui:25.3.1] AndroidManifest.xml:29:5-20
MERGED from [com.android.support:support-core-utils:25.3.1] AndroidManifest.xml:29:5-20
MERGED from [com.android.support:support-compat:25.3.1] AndroidManifest.xml:29:5-20
MERGED from [com.android.support:cardview-v7:25.3.1] AndroidManifest.xml:26:5-20
	android:label
		ADDED from src\main\AndroidManifest.xml:52:9-41
	android:icon
		ADDED from src\main\AndroidManifest.xml:50:9-42
	android:banner
		ADDED from src\main\AndroidManifest.xml:49:9-46
	android:theme
		ADDED from src\main\AndroidManifest.xml:53:9-67
	android:isGame
		ADDED from src\main\AndroidManifest.xml:51:9-30
	android:name
		ADDED from src\main\AndroidManifest.xml:48:9-34
activity#com.szb.ARMODULE.UnityPlayerNativeActivity
ADDED from src\main\AndroidManifest.xml:54:9-66:20
	android:screenOrientation
		ADDED from src\main\AndroidManifest.xml:59:13-49
	android:label
		ADDED from src\main\AndroidManifest.xml:57:13-45
	android:launchMode
		ADDED from src\main\AndroidManifest.xml:58:13-44
	android:configChanges
		ADDED from src\main\AndroidManifest.xml:56:13-170
	android:name
		ADDED from src\main\AndroidManifest.xml:55:13-54
meta-data#unityplayer.UnityActivity
ADDED from src\main\AndroidManifest.xml:60:13-62:40
	android:value
		ADDED from src\main\AndroidManifest.xml:62:17-37
	android:name
		ADDED from src\main\AndroidManifest.xml:61:17-57
meta-data#unityplayer.ForwardNativeEventsToDalvik
ADDED from src\main\AndroidManifest.xml:63:13-65:41
	android:value
		ADDED from src\main\AndroidManifest.xml:65:17-38
	android:name
		ADDED from src\main\AndroidManifest.xml:64:17-71
activity#com.unity3d.player.VideoPlayer
ADDED from src\main\AndroidManifest.xml:67:9-71:61
	android:screenOrientation
		ADDED from src\main\AndroidManifest.xml:71:13-49
	android:label
		ADDED from src\main\AndroidManifest.xml:70:13-45
	android:configChanges
		ADDED from src\main\AndroidManifest.xml:69:13-170
	android:name
		ADDED from src\main\AndroidManifest.xml:68:13-58
uses-library#com.ti.s3d
ADDED from src\main\AndroidManifest.xml:77:9-79:40
	android:required
		ADDED from src\main\AndroidManifest.xml:79:13-37
	android:name
		ADDED from src\main\AndroidManifest.xml:78:13-38
uses-library#com.osterhoutgroup.api.ext
ADDED from src\main\AndroidManifest.xml:81:9-83:40
	android:required
		ADDED from src\main\AndroidManifest.xml:83:13-37
	android:name
		ADDED from src\main\AndroidManifest.xml:82:13-54
activity#com.szb.ARMODULE.start_pack.loginpackage.Login
ADDED from src\main\AndroidManifest.xml:85:9-87:72
	android:theme
		ADDED from src\main\AndroidManifest.xml:87:13-69
	android:name
		ADDED from src\main\AndroidManifest.xml:86:13-58
activity#com.szb.ARMODULE.GameActivity
ADDED from src\main\AndroidManifest.xml:88:9-92:72
	android:process
		ADDED from src\main\AndroidManifest.xml:91:13-43
	android:launchMode
		ADDED from src\main\AndroidManifest.xml:90:13-44
	android:theme
		ADDED from src\main\AndroidManifest.xml:92:13-69
	android:name
		ADDED from src\main\AndroidManifest.xml:89:13-41
activity#com.szb.ARMODULE.start_pack.MainActivity
ADDED from src\main\AndroidManifest.xml:93:9-96:20
	android:theme
		ADDED from src\main\AndroidManifest.xml:95:13-69
	android:name
		ADDED from src\main\AndroidManifest.xml:94:13-52
activity#com.szb.ARMODULE.Home.Home_Main
ADDED from src\main\AndroidManifest.xml:97:9-99:81
	android:theme
		ADDED from src\main\AndroidManifest.xml:99:13-69
	android:name
		ADDED from src\main\AndroidManifest.xml:98:13-43
activity#com.szb.ARMODULE.start_pack.SplashActivity
ADDED from src\main\AndroidManifest.xml:100:9-108:20
	android:theme
		ADDED from src\main\AndroidManifest.xml:102:13-69
	android:name
		ADDED from src\main\AndroidManifest.xml:101:13-54
intent-filter#android.intent.action.MAIN+android.intent.category.LAUNCHER
ADDED from src\main\AndroidManifest.xml:103:13-107:29
action#android.intent.action.MAIN
ADDED from src\main\AndroidManifest.xml:104:17-69
	android:name
		ADDED from src\main\AndroidManifest.xml:104:25-66
category#android.intent.category.LAUNCHER
ADDED from src\main\AndroidManifest.xml:106:17-77
	android:name
		ADDED from src\main\AndroidManifest.xml:106:27-74
meta-data#android.support.VERSION
ADDED from [com.android.support:design:25.3.1] AndroidManifest.xml:25:5-27:34
MERGED from [com.android.support:appcompat-v7:25.3.1] AndroidManifest.xml:25:5-27:34
MERGED from [com.android.support:animated-vector-drawable:25.3.1] AndroidManifest.xml:22:5-24:34
MERGED from [com.android.support:support-vector-drawable:25.3.1] AndroidManifest.xml:22:5-24:34
MERGED from [com.android.support:recyclerview-v7:25.3.1] AndroidManifest.xml:22:5-24:34
MERGED from [com.android.support:transition:25.3.1] AndroidManifest.xml:22:5-24:34
MERGED from [com.android.support:support-v4:25.3.1] AndroidManifest.xml:25:5-27:34
MERGED from [com.android.support:support-fragment:25.3.1] AndroidManifest.xml:25:5-27:34
MERGED from [com.android.support:support-media-compat:25.3.1] AndroidManifest.xml:25:5-27:34
MERGED from [com.android.support:support-core-ui:25.3.1] AndroidManifest.xml:25:5-27:34
MERGED from [com.android.support:support-core-utils:25.3.1] AndroidManifest.xml:25:5-27:34
MERGED from [com.android.support:support-compat:25.3.1] AndroidManifest.xml:25:5-27:34
MERGED from [com.android.support:cardview-v7:25.3.1] AndroidManifest.xml:22:5-24:34
	android:value
		ADDED from [com.android.support:design:25.3.1] AndroidManifest.xml:27:9-31
	android:name
		ADDED from [com.android.support:design:25.3.1] AndroidManifest.xml:26:9-47